<?xml version="1.0" encoding="UTF-8"?>
<!-- Generated by org.testng.reporters.JUnitXMLReporter -->
<testsuite ignored="2" hostname="DESKTOP-91TRU3G" failures="0" tests="2" name="Test2" time="57.279" errors="0" timestamp="2026-02-25T13:12:19 IST">
  <testcase classname="testCaseRepo.TC_003" name="LE_003" time="19.13"/>
  <testcase classname="testCaseRepo.TC_002" name="LE_002" time="20.658"/>
  <testcase classname="genericUtility.BaseClass" name="@AfterSuite asConfig" time="0.0">
    <ignored/>
  </testcase> <!-- @AfterSuite asConfig -->
  <testcase classname="genericUtility.BaseClass" name="@BeforeSuite bsConfig" time="0.0">
    <ignored/>
  </testcase> <!-- @BeforeSuite bsConfig -->
</testsuite> <!-- Test2 -->
