<?xml version="1.0" encoding="UTF-8"?>
<testng-results ignored="0" total="1" passed="1" failed="0" skipped="0">
  <reporter-output>
  </reporter-output>
  <suite started-at="2026-02-27T13:02:59 IST" name="Default suite" finished-at="2026-02-27T13:03:29 IST" duration-ms="30458">
    <groups>
      <group name="Sanity">
        <method signature="TC_003.LE_003()[pri:0, instance:testCaseRepo.TC_003@4e08711f]" name="LE_003" class="testCaseRepo.TC_003"/>
      </group> <!-- Sanity -->
      <group name="Smoke">
        <method signature="TC_003.LE_003()[pri:0, instance:testCaseRepo.TC_003@4e08711f]" name="LE_003" class="testCaseRepo.TC_003"/>
      </group> <!-- Smoke -->
    </groups>
    <test started-at="2026-02-27T13:02:59 IST" name="Default test" finished-at="2026-02-27T13:03:29 IST" duration-ms="30458">
      <class name="testCaseRepo.TC_003">
        <test-method is-config="true" signature="bsConfig()[pri:0, instance:testCaseRepo.TC_003@4e08711f]" started-at="2026-02-27T13:02:59 IST" name="bsConfig" finished-at="2026-02-27T13:02:59 IST" duration-ms="14" status="PASS">
          <reporter-output>
          </reporter-output>
        </test-method> <!-- bsConfig -->
        <test-method is-config="true" signature="bcConfig(java.lang.String)[pri:0, instance:testCaseRepo.TC_003@4e08711f]" started-at="2026-02-27T13:02:59 IST" name="bcConfig" finished-at="2026-02-27T13:03:02 IST" duration-ms="3620" status="PASS">
          <params>
            <param index="0">
              <value>
                <![CDATA[edge]]>
              </value>
            </param>
          </params>
          <reporter-output>
          </reporter-output>
        </test-method> <!-- bcConfig -->
        <test-method is-config="true" signature="bmConfig()[pri:0, instance:testCaseRepo.TC_003@4e08711f]" started-at="2026-02-27T13:03:02 IST" name="bmConfig" finished-at="2026-02-27T13:03:07 IST" duration-ms="4336" status="PASS">
          <reporter-output>
          </reporter-output>
        </test-method> <!-- bmConfig -->
        <test-method signature="LE_003()[pri:0, instance:testCaseRepo.TC_003@4e08711f]" started-at="2026-02-27T13:03:07 IST" name="LE_003" finished-at="2026-02-27T13:03:26 IST" duration-ms="19569" status="PASS">
          <reporter-output>
          </reporter-output>
        </test-method> <!-- LE_003 -->
        <test-method is-config="true" signature="amConfig()[pri:0, instance:testCaseRepo.TC_003@4e08711f]" started-at="2026-02-27T13:03:26 IST" name="amConfig" finished-at="2026-02-27T13:03:29 IST" duration-ms="2417" status="PASS">
          <reporter-output>
          </reporter-output>
        </test-method> <!-- amConfig -->
        <test-method is-config="true" signature="acConfig()[pri:0, instance:testCaseRepo.TC_003@4e08711f]" started-at="2026-02-27T13:03:29 IST" name="acConfig" finished-at="2026-02-27T13:03:29 IST" duration-ms="471" status="PASS">
          <reporter-output>
          </reporter-output>
        </test-method> <!-- acConfig -->
        <test-method is-config="true" signature="asConfig()[pri:0, instance:testCaseRepo.TC_003@4e08711f]" started-at="2026-02-27T13:03:29 IST" name="asConfig" finished-at="2026-02-27T13:03:29 IST" duration-ms="0" status="PASS">
          <reporter-output>
          </reporter-output>
        </test-method> <!-- asConfig -->
      </class> <!-- testCaseRepo.TC_003 -->
    </test> <!-- Default test -->
  </suite> <!-- Default suite -->
</testng-results>
